
-------2016-10-29 11:02:56-----------


----2016-10-29 11:04:11-------

[master d6167a7] send from my crawler
 2 files changed, 5 insertions(+), 2 deletions(-)
Already up-to-date.
Already up-to-date.


----2016-10-29 11:10:36-------
[master e441ac4] send from my crawler
 2 files changed, 27 insertions(+), 12 deletions(-)
Already up-to-date.
Already up-to-date.


----2016-10-29 11:28:41-------
[master e60f783] send from my crawler
 2 files changed, 18 insertions(+), 3 deletions(-)
Already up-to-date.
Already up-to-date.


----2016-10-29 11:36:33-------
[master f165b75] send from my crawler
 2 files changed, 10 insertions(+), 2 deletions(-)
Already up-to-date.
Already up-to-date.


----2016-10-29 11:53:15-------
[master c0b128f] send from my crawler
 2 files changed, 10 insertions(+), 1 deletion(-)
Already up-to-date.
Already up-to-date.
