

----2016-10-31 22:31:09-------
<urlopen error [Errno -3] Temporary failure in name resolution>

----2016-10-31 22:31:59-------
[master 89466ab] send from my crawler
 2 files changed, 7 insertions(+), 1001 deletions(-)
 rewrite crawler/script/git.log (99%)
 create mode 100644 crawler/script/index.html
Already up-to-date.


----2016-10-31 22:41:09-------
<urlopen error [Errno -3] Temporary failure in name resolution>

----2016-10-31 22:42:00-------
[master 0deb51d] send from my crawler
 1 file changed, 15 insertions(+), 4 deletions(-)
 rewrite crawler/script/git.log (66%)
Already up-to-date.


----2016-10-31 22:51:09-------
<urlopen error [Errno -3] Temporary failure in name resolution>

----2016-10-31 22:51:59-------
[master 82a71b8] send from my crawler
 1 file changed, 10 insertions(+)
Already up-to-date.
